
[07-Feb-2022 17:18:44 Europe/Berlin] PHP Fatal error:  Uncaught PDOException: SQLSTATE[23000]: Integrity constraint violation: 1062 Duplicate entry '1' for key 'Country.unique_cName_userID' in /var/www/projects/009_myAdmin/app/Controller/MyUtilities.php:138
Stack trace:
#0 /var/www/projects/009_myAdmin/app/Controller/MyUtilities.php(138): PDOStatement->execute()
#1 /var/www/projects/009_myAdmin/app/router/routerClients.php(92): app\Controller\MyUtilities::insertOptionToDB()
#2 [internal function]: {closure}()
#3 /var/www/projects/009_myAdmin/vendor/bramus/router/src/Bramus/Router/Router.php(458): call_user_func_array()
#4 /var/www/projects/009_myAdmin/vendor/bramus/router/src/Bramus/Router/Router.php(440): Bramus\Router\Router->invoke()
#5 /var/www/projects/009_myAdmin/vendor/bramus/router/src/Bramus/Router/Router.php(287): Bramus\Router\Router->handle()
#6 /var/www/projects/009_myAdmin/app/router/router.php(29): Bramus\Router\Router->run()
#7 /var/www/projects/009_myAdmin/app/_app_.php(15): require('...')
#8 /var/www/projects/009_myAdmin/index.php(2): require('...')
#9 {main}
  thrown in /var/www/projects/009_myAdmin/app/Controller/MyUtilities.php on line 138
[07-Feb-2022 17:20:32 Europe/Berlin] PHP Fatal error:  Uncaught PDOException: SQLSTATE[23000]: Integrity constraint violation: 1062 Duplicate entry '1' for key 'Country.unique_cName_userID' in /var/www/projects/009_myAdmin/app/Controller/MyUtilities.php:138
Stack trace:
#0 /var/www/projects/009_myAdmin/app/Controller/MyUtilities.php(138): PDOStatement->execute()
#1 /var/www/projects/009_myAdmin/app/router/routerClients.php(92): app\Controller\MyUtilities::insertOptionToDB()
#2 [internal function]: {closure}()
#3 /var/www/projects/009_myAdmin/vendor/bramus/router/src/Bramus/Router/Router.php(458): call_user_func_array()
#4 /var/www/projects/009_myAdmin/vendor/bramus/router/src/Bramus/Router/Router.php(440): Bramus\Router\Router->invoke()
#5 /var/www/projects/009_myAdmin/vendor/bramus/router/src/Bramus/Router/Router.php(287): Bramus\Router\Router->handle()
#6 /var/www/projects/009_myAdmin/app/router/router.php(29): Bramus\Router\Router->run()
#7 /var/www/projects/009_myAdmin/app/_app_.php(15): require('...')
#8 /var/www/projects/009_myAdmin/index.php(2): require('...')
#9 {main}
  thrown in /var/www/projects/009_myAdmin/app/Controller/MyUtilities.php on line 138
[07-Feb-2022 17:21:44 Europe/Berlin] PHP Fatal error:  Uncaught PDOException: SQLSTATE[23000]: Integrity constraint violation: 1062 Duplicate entry '1' for key 'Country.unique_cName_userID' in /var/www/projects/009_myAdmin/app/Controller/MyUtilities.php:138
Stack trace:
#0 /var/www/projects/009_myAdmin/app/Controller/MyUtilities.php(138): PDOStatement->execute()
#1 /var/www/projects/009_myAdmin/app/router/routerClients.php(92): app\Controller\MyUtilities::insertOptionToDB()
#2 [internal function]: {closure}()
#3 /var/www/projects/009_myAdmin/vendor/bramus/router/src/Bramus/Router/Router.php(458): call_user_func_array()
#4 /var/www/projects/009_myAdmin/vendor/bramus/router/src/Bramus/Router/Router.php(440): Bramus\Router\Router->invoke()
#5 /var/www/projects/009_myAdmin/vendor/bramus/router/src/Bramus/Router/Router.php(287): Bramus\Router\Router->handle()
#6 /var/www/projects/009_myAdmin/app/router/router.php(29): Bramus\Router\Router->run()
#7 /var/www/projects/009_myAdmin/app/_app_.php(15): require('...')
#8 /var/www/projects/009_myAdmin/index.php(2): require('...')
#9 {main}
  thrown in /var/www/projects/009_myAdmin/app/Controller/MyUtilities.php on line 138
[07-Feb-2022 17:39:24 Europe/Berlin] PHP Warning:  Undefined array key "currentUser" in /var/www/projects/009_myAdmin/app/router/routerSign.php on line 15
[07-Feb-2022 17:39:24 Europe/Berlin] PHP Fatal error:  Uncaught Error: Call to a member function setToken() on bool in /var/www/projects/009_myAdmin/app/Controller/MyUtilities.php:215
Stack trace:
#0 /var/www/projects/009_myAdmin/app/router/routerSign.php(16): app\Controller\MyUtilities::unsetCookie()
#1 [internal function]: {closure}()
#2 /var/www/projects/009_myAdmin/vendor/bramus/router/src/Bramus/Router/Router.php(458): call_user_func_array()
#3 /var/www/projects/009_myAdmin/vendor/bramus/router/src/Bramus/Router/Router.php(440): Bramus\Router\Router->invoke()
#4 /var/www/projects/009_myAdmin/vendor/bramus/router/src/Bramus/Router/Router.php(287): Bramus\Router\Router->handle()
#5 /var/www/projects/009_myAdmin/app/router/router.php(29): Bramus\Router\Router->run()
#6 /var/www/projects/009_myAdmin/app/_app_.php(15): require('...')
#7 /var/www/projects/009_myAdmin/index.php(2): require('...')
#8 {main}
  thrown in /var/www/projects/009_myAdmin/app/Controller/MyUtilities.php on line 215
[07-Feb-2022 17:39:29 Europe/Berlin] PHP Warning:  Undefined array key "currentUser" in /var/www/projects/009_myAdmin/app/router/routerSign.php on line 15
[07-Feb-2022 17:39:29 Europe/Berlin] PHP Fatal error:  Uncaught Error: Call to a member function setToken() on bool in /var/www/projects/009_myAdmin/app/Controller/MyUtilities.php:215
Stack trace:
#0 /var/www/projects/009_myAdmin/app/router/routerSign.php(16): app\Controller\MyUtilities::unsetCookie()
#1 [internal function]: {closure}()
#2 /var/www/projects/009_myAdmin/vendor/bramus/router/src/Bramus/Router/Router.php(458): call_user_func_array()
#3 /var/www/projects/009_myAdmin/vendor/bramus/router/src/Bramus/Router/Router.php(440): Bramus\Router\Router->invoke()
#4 /var/www/projects/009_myAdmin/vendor/bramus/router/src/Bramus/Router/Router.php(287): Bramus\Router\Router->handle()
#5 /var/www/projects/009_myAdmin/app/router/router.php(29): Bramus\Router\Router->run()
#6 /var/www/projects/009_myAdmin/app/_app_.php(15): require('...')
#7 /var/www/projects/009_myAdmin/index.php(2): require('...')
#8 {main}
  thrown in /var/www/projects/009_myAdmin/app/Controller/MyUtilities.php on line 215
[07-Feb-2022 17:39:32 Europe/Berlin] PHP Warning:  Undefined array key "currentUser" in /var/www/projects/009_myAdmin/app/Controller/MyUtilities.php on line 148
[07-Feb-2022 17:39:32 Europe/Berlin] PHP Fatal error:  Uncaught Error: Call to a member function getID() on bool in /var/www/projects/009_myAdmin/app/Controller/MyUtilities.php:148
Stack trace:
#0 /var/www/projects/009_myAdmin/app/router/routerClients.php(40): app\Controller\MyUtilities::fetchOptionsFromDB()
#1 [internal function]: {closure}()
#2 /var/www/projects/009_myAdmin/vendor/bramus/router/src/Bramus/Router/Router.php(458): call_user_func_array()
#3 /var/www/projects/009_myAdmin/vendor/bramus/router/src/Bramus/Router/Router.php(440): Bramus\Router\Router->invoke()
#4 /var/www/projects/009_myAdmin/vendor/bramus/router/src/Bramus/Router/Router.php(287): Bramus\Router\Router->handle()
#5 /var/www/projects/009_myAdmin/app/router/router.php(29): Bramus\Router\Router->run()
#6 /var/www/projects/009_myAdmin/app/_app_.php(15): require('...')
#7 /var/www/projects/009_myAdmin/index.php(2): require('...')
#8 {main}
  thrown in /var/www/projects/009_myAdmin/app/Controller/MyUtilities.php on line 148
